[fblocal/pts2pb.py] processing file F-200.pts ok	output written to alignme/results/tdnn_mono_chain_delta_ivector_fs3_sp_ali/ali_f.pb
--------------------------------------------------------------------------------------
dataset                       	μ     	med   	σ      | <10ms 	<25ms 	<50ms 	<100ms
--------------------------------------------------------------------------------------
ali_m                         	19.475	15.000	18.473 | 34.76%	71.50%	93.61%	99.36%	
ali_f                         	19.777	15.000	18.568 | 33.33%	71.70%	93.24%	99.40%	
--
steps/get_train_ctm.sh alignme alignme/lang alignme/results/tdnn_mono_chain_delta_ivector_nofs_sp_ali ctm_tmp
--------------------------------------------------------------------------------------
dataset                       	μ     	med   	σ      | <10ms 	<25ms 	<50ms 	<100ms
--------------------------------------------------------------------------------------
ali_m                         	43.789	34.000	41.339 | 12.78%	36.03%	69.63%	92.26%	
ali_f                         	62.554	39.000	93.757 | 11.48%	32.24%	61.33%	85.40%	
--
[fblocal/pts2pb.py] processing file F-200.pts ok	output written to alignme/results/tdnn_mono_chain_delta_ivector_nofs_sp_ali/ali_f.pb
--------------------------------------------------------------------------------------
dataset                       	μ     	med   	σ      | <10ms 	<25ms 	<50ms 	<100ms
--------------------------------------------------------------------------------------
ali_m                         	50.236	39.000	49.604 | 10.72%	31.01%	62.04%	89.69%	
ali_f                         	49.721	39.000	46.506 | 10.91%	31.24%	61.94%	89.47%	
--
ok	output written to alignme/results/mono_ali/ali_f.pb
--------------------------------------------------------------------------------------
dataset                       	μ     	med   	σ      | <10ms 	<25ms 	<50ms 	<100ms
--------------------------------------------------------------------------------------
ali_m                         	18.882	12.000	24.981 | 41.41%	77.18%	93.59%	98.20%	
ali_f                         	16.314	11.000	18.677 | 42.85%	81.40%	95.59%	99.15%	
--
ok	output written to alignme/results/tri1_ali/ali_f.pb
--------------------------------------------------------------------------------------
dataset                       	μ     	med   	σ      | <10ms 	<25ms 	<50ms 	<100ms
--------------------------------------------------------------------------------------
ali_m                         	19.860	12.000	27.467 | 40.93%	76.36%	92.26%	97.70%	
ali_f                         	19.962	11.000	33.725 | 42.68%	78.69%	92.59%	97.38%	
--
ok	output written to alignme/results/tri2b_ali/ali_f.pb
--------------------------------------------------------------------------------------
dataset                       	μ     	med   	σ      | <10ms 	<25ms 	<50ms 	<100ms
--------------------------------------------------------------------------------------
ali_m                         	16.742	11.000	18.142 | 42.78%	78.83%	94.58%	99.31%	
ali_f                         	17.204	12.000	20.715 | 41.30%	78.76%	94.87%	99.25%	
--
ok	output written to alignme/results/tri3b_ali/ali_f.pb
--------------------------------------------------------------------------------------
dataset                       	μ     	med   	σ      | <10ms 	<25ms 	<50ms 	<100ms
--------------------------------------------------------------------------------------
ali_m                         	17.362	12.000	18.971 | 40.66%	77.85%	94.25%	99.27%	
ali_f                         	17.212	12.000	19.608 | 40.17%	78.75%	94.91%	99.30%	
--
ok	output written to alignme/results/tri4b_ali/ali_f.pb
--------------------------------------------------------------------------------------
dataset                       	μ     	med   	σ      | <10ms 	<25ms 	<50ms 	<100ms
--------------------------------------------------------------------------------------
ali_m                         	17.287	12.000	19.852 | 41.65%	78.13%	93.87%	99.16%	
ali_f                         	17.020	12.000	19.641 | 41.25%	79.42%	94.97%	99.30%	
--
ok	output written to alignme/results/tdnn_mono_chain_delta_ivector_fs3_sp_ali/ali_f.pb
--------------------------------------------------------------------------------------
dataset                       	μ     	med   	σ      | <10ms 	<25ms 	<50ms 	<100ms
--------------------------------------------------------------------------------------
ali_m                         	19.475	15.000	18.473 | 34.76%	71.50%	93.61%	99.36%	
ali_f                         	19.777	15.000	18.568 | 33.33%	71.70%	93.24%	99.40%	
--
ok	output written to alignme/results/tdnn_mono_chain_delta_ivector_nofs_sp_ali/ali_f.pb
--------------------------------------------------------------------------------------
dataset                       	μ     	med   	σ      | <10ms 	<25ms 	<50ms 	<100ms
--------------------------------------------------------------------------------------
ali_m                         	50.236	39.000	49.604 | 10.72%	31.01%	62.04%	89.69%	
ali_f                         	49.721	39.000	46.506 | 10.91%	31.24%	61.94%	89.47%	
--
ok	output written to alignme/results/tdnn_mono_chain_lda_ivector_fs3_sp_ali/ali_f.pb
--------------------------------------------------------------------------------------
dataset                       	μ     	med   	σ      | <10ms 	<25ms 	<50ms 	<100ms
--------------------------------------------------------------------------------------
ali_m                         	20.344	15.000	19.988 | 33.43%	69.95%	93.09%	99.12%	
ali_f                         	22.556	16.000	35.489 | 31.41%	69.23%	92.37%	98.25%	
--
ok	output written to alignme/results/tdnn_mono_chain_lda_ivector_nofs_sp_ali/ali_f.pb
--------------------------------------------------------------------------------------
dataset                       	μ     	med   	σ      | <10ms 	<25ms 	<50ms 	<100ms
--------------------------------------------------------------------------------------
ali_m                         	43.767	34.000	41.244 | 12.80%	36.05%	69.63%	92.26%	
ali_f                         	62.554	39.000	93.757 | 11.48%	32.24%	61.33%	85.40%	
--
ok	output written to alignme/results/tdnn_mono_chain_delta_noivector_fs3_sp_ali/ali_f.pb
--------------------------------------------------------------------------------------
dataset                       	μ     	med   	σ      | <10ms 	<25ms 	<50ms 	<100ms
--------------------------------------------------------------------------------------
ali_m                         	19.575	14.000	18.460 | 34.68%	71.16%	93.44%	99.36%	
ali_f                         	19.285	15.000	18.321 | 34.20%	72.98%	93.76%	99.28%	
--
ok	output written to alignme/results/tdnn_mono_chain_delta_noivector_nofs_sp_ali/ali_f.pb
--------------------------------------------------------------------------------------
dataset                       	μ     	med   	σ      | <10ms 	<25ms 	<50ms 	<100ms
--------------------------------------------------------------------------------------
ali_m                         	48.675	38.000	50.847 | 10.59%	31.22%	62.96%	90.74%	
ali_f                         	47.520	39.000	42.833 | 11.12%	30.43%	63.33%	91.12%	
--
ok	output written to alignme/results/tdnn_mono_chain_lda_noivector_fs3_sp_ali/ali_f.pb
--------------------------------------------------------------------------------------
dataset                       	μ     	med   	σ      | <10ms 	<25ms 	<50ms 	<100ms
--------------------------------------------------------------------------------------
ali_m                         	20.623	15.000	20.991 | 34.36%	70.36%	92.36%	98.76%	
ali_f                         	20.147	15.000	19.733 | 32.62%	71.26%	93.22%	98.94%	
--
ok	output written to alignme/results/tdnn_mono_chain_lda_noivector_nofs_sp_ali/ali_f.pb
--------------------------------------------------------------------------------------
dataset                       	μ     	med   	σ      | <10ms 	<25ms 	<50ms 	<100ms
--------------------------------------------------------------------------------------
ali_m                         	49.731	34.000	79.895 | 12.91%	35.90%	67.79%	90.73%	
ali_f                         	46.948	35.000	53.499 | 11.36%	33.71%	68.48%	91.35%	
--
ok	output written to alignme/results/tdnn_mono_nochain_delta_ivector_sp_ali/ali_f.pb
--------------------------------------------------------------------------------------
dataset                       	μ     	med   	σ      | <10ms 	<25ms 	<50ms 	<100ms
--------------------------------------------------------------------------------------
ali_m                         	17.593	12.000	20.970 | 41.39%	79.20%	94.42%	98.71%	
ali_f                         	16.538	11.000	16.936 | 42.38%	79.29%	95.23%	99.55%	
--
ok	output written to alignme/results/tdnn_mono_nochain_lda_ivector_sp_ali/ali_f.pb
--------------------------------------------------------------------------------------
dataset                       	μ     	med   	σ      | <10ms 	<25ms 	<50ms 	<100ms
--------------------------------------------------------------------------------------
ali_m                         	18.062	12.000	21.329 | 41.03%	78.17%	93.80%	98.88%	
ali_f                         	16.901	12.000	18.799 | 41.29%	80.46%	95.04%	99.06%	
--
ok	output written to alignme/results/tdnn_mono_nochain_delta_noivector_sp_ali/ali_f.pb
--------------------------------------------------------------------------------------
dataset                       	μ     	med   	σ      | <10ms 	<25ms 	<50ms 	<100ms
--------------------------------------------------------------------------------------
ali_m                         	17.528	12.000	19.701 | 40.55%	78.08%	94.77%	98.91%	
ali_f                         	16.440	12.000	16.531 | 41.34%	79.65%	95.72%	99.59%	
--
ok	output written to alignme/results/tdnn_mono_nochain_lda_noivector_sp_ali/ali_f.pb
--------------------------------------------------------------------------------------
dataset                       	μ     	med   	σ      | <10ms 	<25ms 	<50ms 	<100ms
--------------------------------------------------------------------------------------
ali_m                         	19.856	13.000	24.802 | 39.63%	75.27%	92.17%	98.28%	
ali_f                         	17.360	12.000	19.866 | 40.74%	79.05%	94.86%	99.02%	
--
ok	output written to alignme/results/tdnn_trideltas_chain_delta_ivector_fs3_sp_ali/ali_f.pb
--------------------------------------------------------------------------------------
dataset                       	μ     	med   	σ      | <10ms 	<25ms 	<50ms 	<100ms
--------------------------------------------------------------------------------------
ali_m                         	20.445	15.000	19.206 | 33.54%	69.42%	92.56%	99.25%	
ali_f                         	20.668	16.000	19.306 | 32.28%	69.47%	92.39%	99.23%	
--
ok	output written to alignme/results/tdnn_trideltas_chain_delta_ivector_nofs_sp_ali/ali_f.pb
--------------------------------------------------------------------------------------
dataset                       	μ     	med   	σ      | <10ms 	<25ms 	<50ms 	<100ms
--------------------------------------------------------------------------------------
ali_m                         	50.194	37.000	53.254 | 11.54%	33.52%	62.98%	88.81%	
ali_f                         	50.519	38.000	49.920 | 10.82%	32.43%	61.62%	89.39%	
--
ok	output written to alignme/results/tdnn_trideltas_chain_lda_ivector_fs3_sp_ali/ali_f.pb
--------------------------------------------------------------------------------------
dataset                       	μ     	med   	σ      | <10ms 	<25ms 	<50ms 	<100ms
--------------------------------------------------------------------------------------
ali_m                         	19.809	14.000	20.370 | 35.32%	71.95%	93.14%	98.99%	
ali_f                         	22.300	16.000	23.664 | 31.00%	68.66%	90.86%	98.23%	
--
ok	output written to alignme/results/tdnn_trideltas_chain_lda_ivector_nofs_sp_ali/ali_f.pb
--------------------------------------------------------------------------------------
dataset                       	μ     	med   	σ      | <10ms 	<25ms 	<50ms 	<100ms
--------------------------------------------------------------------------------------
ali_m                         	44.631	34.000	42.761 | 12.16%	34.68%	68.88%	91.53%	
ali_f                         	69.657	39.000	115.029 | 10.68%	32.01%	61.13%	84.04%	
--
ok	output written to alignme/results/tdnn_trideltas_chain_delta_noivector_fs3_sp_ali/ali_f.pb
--------------------------------------------------------------------------------------
dataset                       	μ     	med   	σ      | <10ms 	<25ms 	<50ms 	<100ms
--------------------------------------------------------------------------------------
ali_m                         	20.394	15.000	19.389 | 33.86%	69.78%	92.62%	99.16%	
ali_f                         	20.519	15.000	19.534 | 32.50%	70.27%	92.44%	99.15%	
--
ok	output written to alignme/results/tdnn_trideltas_chain_delta_noivector_nofs_sp_ali/ali_f.pb
--------------------------------------------------------------------------------------
dataset                       	μ     	med   	σ      | <10ms 	<25ms 	<50ms 	<100ms
--------------------------------------------------------------------------------------
ali_m                         	51.372	40.000	54.493 | 10.10%	29.70%	61.70%	89.54%	
ali_f                         	49.540	40.000	44.242 | 10.18%	29.47%	61.54%	90.03%	
--
ok	output written to alignme/results/tdnn_trideltas_chain_lda_noivector_fs3_sp_ali/ali_f.pb
--------------------------------------------------------------------------------------
dataset                       	μ     	med   	σ      | <10ms 	<25ms 	<50ms 	<100ms
--------------------------------------------------------------------------------------
ali_m                         	21.562	15.000	22.775 | 33.69%	68.75%	91.72%	98.41%	
ali_f                         	20.992	16.000	20.844 | 31.84%	69.72%	92.43%	98.89%	
--
ok	output written to alignme/results/tdnn_trideltas_chain_lda_noivector_nofs_sp_ali/ali_f.pb
--------------------------------------------------------------------------------------
dataset                       	μ     	med   	σ      | <10ms 	<25ms 	<50ms 	<100ms
--------------------------------------------------------------------------------------
ali_m                         	44.044	33.000	44.017 | 13.34%	37.44%	69.18%	92.00%	
ali_f                         	47.839	36.000	57.042 | 11.66%	33.20%	68.17%	91.33%	
--
ok	output written to alignme/results/tdnn_trideltas_nochain_delta_ivector_sp_ali/ali_f.pb
--------------------------------------------------------------------------------------
dataset                       	μ     	med   	σ      | <10ms 	<25ms 	<50ms 	<100ms
--------------------------------------------------------------------------------------
ali_m                         	16.331	11.000	17.738 | 43.84%	80.18%	94.85%	99.25%	
ali_f                         	16.682	12.000	17.134 | 41.23%	79.78%	95.08%	99.36%	
--
ok	output written to alignme/results/tdnn_trideltas_nochain_lda_ivector_sp_ali/ali_f.pb
--------------------------------------------------------------------------------------
dataset                       	μ     	med   	σ      | <10ms 	<25ms 	<50ms 	<100ms
--------------------------------------------------------------------------------------
ali_m                         	16.590	11.000	17.903 | 43.32%	79.65%	94.57%	99.23%	
ali_f                         	18.628	12.000	44.966 | 42.40%	80.55%	94.61%	98.81%	
--
ok	output written to alignme/results/tdnn_trideltas_nochain_delta_noivector_sp_ali/ali_f.pb
--------------------------------------------------------------------------------------
dataset                       	μ     	med   	σ      | <10ms 	<25ms 	<50ms 	<100ms
--------------------------------------------------------------------------------------
ali_m                         	16.349	11.000	17.098 | 42.65%	80.04%	94.92%	99.44%	
ali_f                         	16.154	11.000	16.939 | 42.04%	81.01%	95.46%	99.38%	
--
ok	output written to alignme/results/tdnn_trideltas_nochain_lda_noivector_sp_ali/ali_f.pb
--------------------------------------------------------------------------------------
dataset                       	μ     	med   	σ      | <10ms 	<25ms 	<50ms 	<100ms
--------------------------------------------------------------------------------------
ali_m                         	17.914	12.000	20.573 | 40.70%	78.21%	93.57%	98.74%	
ali_f                         	18.662	12.000	44.830 | 41.32%	80.59%	94.50%	98.89%	
--
ok	output written to alignme/results/tdnn_trisat_chain_delta_ivector_fs3_sp_ali/ali_f.pb
--------------------------------------------------------------------------------------
dataset                       	μ     	med   	σ      | <10ms 	<25ms 	<50ms 	<100ms
--------------------------------------------------------------------------------------
ali_m                         	22.351	17.000	20.018 | 30.43%	64.91%	90.41%	99.34%	
ali_f                         	22.865	18.000	20.688 | 29.41%	64.42%	90.26%	99.02%	
--
ok	output written to alignme/results/tdnn_trisat_chain_delta_ivector_nofs_sp_ali/ali_f.pb
--------------------------------------------------------------------------------------
dataset                       	μ     	med   	σ      | <10ms 	<25ms 	<50ms 	<100ms
--------------------------------------------------------------------------------------
ali_m                         	57.165	43.000	60.919 |  9.57%	28.71%	56.45%	86.28%	
ali_f                         	55.387	43.000	61.640 | 10.53%	28.94%	57.32%	87.53%	
--
ok	output written to alignme/results/tdnn_trisat_chain_lda_ivector_fs3_sp_ali/ali_f.pb
--------------------------------------------------------------------------------------
dataset                       	μ     	med   	σ      | <10ms 	<25ms 	<50ms 	<100ms
--------------------------------------------------------------------------------------
ali_m                         	21.819	16.000	23.075 | 32.62%	68.75%	91.47%	98.35%	
ali_f                         	26.217	18.000	30.249 | 28.85%	63.60%	87.58%	96.57%	
--
ok	output written to alignme/results/tdnn_trisat_chain_lda_ivector_nofs_sp_ali/ali_f.pb
--------------------------------------------------------------------------------------
dataset                       	μ     	med   	σ      | <10ms 	<25ms 	<50ms 	<100ms
--------------------------------------------------------------------------------------
ali_m                         	46.828	37.000	41.695 | 12.05%	32.57%	64.31%	91.12%	
ali_f                         	59.506	40.000	75.134 | 10.93%	30.15%	60.73%	86.13%	
--
ok	output written to alignme/results/tdnn_trisat_chain_delta_noivector_fs3_sp_ali/ali_f.pb
--------------------------------------------------------------------------------------
dataset                       	μ     	med   	σ      | <10ms 	<25ms 	<50ms 	<100ms
--------------------------------------------------------------------------------------
ali_m                         	22.879	18.000	20.351 | 29.19%	64.23%	90.03%	99.21%	
ali_f                         	22.942	18.000	20.877 | 28.66%	64.20%	90.47%	98.93%	
--
ok	output written to alignme/results/tdnn_trisat_chain_delta_noivector_nofs_sp_ali/ali_f.pb
--------------------------------------------------------------------------------------
dataset                       	μ     	med   	σ      | <10ms 	<25ms 	<50ms 	<100ms
--------------------------------------------------------------------------------------
ali_m                         	53.474	42.000	55.778 | 10.01%	29.02%	58.23%	89.09%	
ali_f                         	50.898	43.000	45.696 |  9.76%	28.57%	58.34%	89.98%	
--
ok	output written to alignme/results/tdnn_trisat_chain_lda_noivector_fs3_sp_ali/ali_f.pb
--------------------------------------------------------------------------------------
dataset                       	μ     	med   	σ      | <10ms 	<25ms 	<50ms 	<100ms
--------------------------------------------------------------------------------------
ali_m                         	22.907	17.000	23.054 | 30.99%	65.65%	90.78%	98.35%	
ali_f                         	24.557	17.000	46.593 | 30.49%	66.20%	90.54%	98.27%	
--
ok	output written to alignme/results/tdnn_trisat_chain_lda_noivector_nofs_sp_ali/ali_f.pb
--------------------------------------------------------------------------------------
dataset                       	μ     	med   	σ      | <10ms 	<25ms 	<50ms 	<100ms
--------------------------------------------------------------------------------------
ali_m                         	46.708	36.000	44.329 | 13.04%	34.78%	65.21%	90.74%	
ali_f                         	47.472	37.000	50.270 | 11.38%	32.37%	66.29%	91.60%	
--
ok	output written to alignme/results/tdnn_trisat_nochain_delta_ivector_sp_ali/ali_f.pb
--------------------------------------------------------------------------------------
dataset                       	μ     	med   	σ      | <10ms 	<25ms 	<50ms 	<100ms
--------------------------------------------------------------------------------------
ali_m                         	16.799	12.000	17.169 | 41.33%	78.79%	94.49%	99.34%	
ali_f                         	16.580	12.000	17.262 | 41.68%	80.05%	95.08%	99.42%	
--
ok	output written to alignme/results/tdnn_trisat_nochain_lda_ivector_sp_ali/ali_f.pb
--------------------------------------------------------------------------------------
dataset                       	μ     	med   	σ      | <10ms 	<25ms 	<50ms 	<100ms
--------------------------------------------------------------------------------------
ali_m                         	16.820	12.000	18.058 | 40.92%	79.11%	94.88%	99.44%	
ali_f                         	18.268	11.000	45.822 | 43.49%	81.38%	95.20%	99.06%	
--
ok	output written to alignme/results/tdnn_trisat_nochain_delta_noivector_sp_ali/ali_f.pb
--------------------------------------------------------------------------------------
dataset                       	μ     	med   	σ      | <10ms 	<25ms 	<50ms 	<100ms
--------------------------------------------------------------------------------------
ali_m                         	15.966	11.000	16.908 | 42.80%	80.44%	95.18%	99.63%	
ali_f                         	15.809	11.000	16.312 | 43.60%	81.31%	95.85%	99.53%	
--
ok	output written to alignme/results/tdnn_trisat_nochain_lda_noivector_sp_ali/ali_f.pb
--------------------------------------------------------------------------------------
dataset                       	μ     	med   	σ      | <10ms 	<25ms 	<50ms 	<100ms
--------------------------------------------------------------------------------------
ali_m                         	17.573	12.000	21.205 | 40.79%	78.60%	94.55%	98.88%	
ali_f                         	20.342	12.000	72.295 | 42.30%	80.37%	94.99%	98.57%	
