ok	output written to alignme/results/mono_ali/ali_f.pb
--------------------------------------------------------------------------------------
dataset                       	μ     	med   	σ      | <10ms 	<25ms 	<50ms 	<100ms
--------------------------------------------------------------------------------------
ali_m                         	18.882	12.000	24.981 | 41.41%	77.18%	93.59%	98.20%	
ali_f                         	16.314	11.000	18.677 | 42.85%	81.40%	95.59%	99.15%	
--
ok	output written to alignme/results/tdnn_mono_chain_delta_ivector_fs3_sp_ali/ali_f.pb
--------------------------------------------------------------------------------------
dataset                       	μ     	med   	σ      | <10ms 	<25ms 	<50ms 	<100ms
--------------------------------------------------------------------------------------
ali_m                         	19.475	15.000	18.473 | 34.76%	71.50%	93.61%	99.36%	
ali_f                         	19.777	15.000	18.568 | 33.33%	71.70%	93.24%	99.40%	
--
ok	output written to alignme/results/tdnn_mono_chain_delta_ivector_nofs_sp_ali/ali_f.pb
--------------------------------------------------------------------------------------
dataset                       	μ     	med   	σ      | <10ms 	<25ms 	<50ms 	<100ms
--------------------------------------------------------------------------------------
ali_m                         	50.236	39.000	49.604 | 10.72%	31.01%	62.04%	89.69%	
ali_f                         	49.721	39.000	46.506 | 10.91%	31.24%	61.94%	89.47%	
--
ok	output written to alignme/results/tdnn_mono_chain_lda_ivector_fs3_sp_ali/ali_f.pb
--------------------------------------------------------------------------------------
dataset                       	μ     	med   	σ      | <10ms 	<25ms 	<50ms 	<100ms
--------------------------------------------------------------------------------------
ali_m                         	20.344	15.000	19.988 | 33.43%	69.95%	93.09%	99.12%	
ali_f                         	22.556	16.000	35.489 | 31.41%	69.23%	92.37%	98.25%	
--
ok	output written to alignme/results/tdnn_mono_chain_lda_ivector_nofs_sp_ali/ali_f.pb
--------------------------------------------------------------------------------------
dataset                       	μ     	med   	σ      | <10ms 	<25ms 	<50ms 	<100ms
--------------------------------------------------------------------------------------
ali_m                         	43.767	34.000	41.244 | 12.80%	36.05%	69.63%	92.26%	
ali_f                         	62.554	39.000	93.757 | 11.48%	32.24%	61.33%	85.40%	
--
ok	output written to alignme/results/tdnn_mono_chain_delta_noivector_fs3_sp_ali/ali_f.pb
--------------------------------------------------------------------------------------
dataset                       	μ     	med   	σ      | <10ms 	<25ms 	<50ms 	<100ms
--------------------------------------------------------------------------------------
ali_m                         	19.575	14.000	18.460 | 34.68%	71.16%	93.44%	99.36%	
ali_f                         	19.285	15.000	18.321 | 34.20%	72.98%	93.76%	99.28%	
--
ok	output written to alignme/results/tdnn_mono_chain_delta_noivector_nofs_sp_ali/ali_f.pb
--------------------------------------------------------------------------------------
dataset                       	μ     	med   	σ      | <10ms 	<25ms 	<50ms 	<100ms
--------------------------------------------------------------------------------------
ali_m                         	48.675	38.000	50.847 | 10.59%	31.22%	62.96%	90.74%	
ali_f                         	47.520	39.000	42.833 | 11.12%	30.43%	63.33%	91.12%	
--
ok	output written to alignme/results/tdnn_mono_chain_lda_noivector_fs3_sp_ali/ali_f.pb
--------------------------------------------------------------------------------------
dataset                       	μ     	med   	σ      | <10ms 	<25ms 	<50ms 	<100ms
--------------------------------------------------------------------------------------
ali_m                         	20.623	15.000	20.991 | 34.36%	70.36%	92.36%	98.76%	
ali_f                         	20.147	15.000	19.733 | 32.62%	71.26%	93.22%	98.94%	
--
ok	output written to alignme/results/tdnn_mono_chain_lda_noivector_nofs_sp_ali/ali_f.pb
--------------------------------------------------------------------------------------
dataset                       	μ     	med   	σ      | <10ms 	<25ms 	<50ms 	<100ms
--------------------------------------------------------------------------------------
ali_m                         	49.731	34.000	79.895 | 12.91%	35.90%	67.79%	90.73%	
ali_f                         	46.948	35.000	53.499 | 11.36%	33.71%	68.48%	91.35%	
--
ok	output written to alignme/results/tdnn_mono_nochain_delta_ivector_sp_ali/ali_f.pb
--------------------------------------------------------------------------------------
dataset                       	μ     	med   	σ      | <10ms 	<25ms 	<50ms 	<100ms
--------------------------------------------------------------------------------------
ali_m                         	17.593	12.000	20.970 | 41.39%	79.20%	94.42%	98.71%	
ali_f                         	16.538	11.000	16.936 | 42.38%	79.29%	95.23%	99.55%	
--
ok	output written to alignme/results/tdnn_mono_nochain_lda_ivector_sp_ali/ali_f.pb
--------------------------------------------------------------------------------------
dataset                       	μ     	med   	σ      | <10ms 	<25ms 	<50ms 	<100ms
--------------------------------------------------------------------------------------
ali_m                         	18.062	12.000	21.329 | 41.03%	78.17%	93.80%	98.88%	
ali_f                         	16.901	12.000	18.799 | 41.29%	80.46%	95.04%	99.06%	
--
ok	output written to alignme/results/tdnn_mono_nochain_delta_noivector_sp_ali/ali_f.pb
--------------------------------------------------------------------------------------
dataset                       	μ     	med   	σ      | <10ms 	<25ms 	<50ms 	<100ms
--------------------------------------------------------------------------------------
ali_m                         	17.528	12.000	19.701 | 40.55%	78.08%	94.77%	98.91%	
ali_f                         	16.440	12.000	16.531 | 41.34%	79.65%	95.72%	99.59%	
--
ok	output written to alignme/results/tdnn_mono_nochain_lda_noivector_sp_ali/ali_f.pb
--------------------------------------------------------------------------------------
dataset                       	μ     	med   	σ      | <10ms 	<25ms 	<50ms 	<100ms
--------------------------------------------------------------------------------------
ali_m                         	19.856	13.000	24.802 | 39.63%	75.27%	92.17%	98.28%	
ali_f                         	17.360	12.000	19.866 | 40.74%	79.05%	94.86%	99.02%	
